<?xml version="1.0" encoding="UTF-8"?>
<!-- Generated by org.testng.reporters.JUnitXMLReporter -->
<testsuite hostname="LAPTOP-DJC8OLDO" ignored="0" name="Default test" tests="3" failures="0" timestamp="2020-09-03T09:30:01 EEST" time="34.692" errors="0">
  <testcase name="PwdEmpty" time="6.787" classname="com.Test.Testing"/>
  <testcase name="UserNameEmpty" time="10.99" classname="com.Test.Testing"/>
  <testcase name="WrongPwd" time="6.268" classname="com.Test.Testing"/>
</testsuite> <!-- Default test -->
