<?xml version="1.0" encoding="UTF-8"?>
<!-- Generated by org.testng.reporters.JUnitXMLReporter -->
<testsuite hostname="LAPTOP-DJC8OLDO" ignored="0" name="Default test" tests="3" failures="0" timestamp="2020-09-02T20:38:52 EEST" time="28.343" errors="0">
  <testcase name="PwdEmpty" time="4.56" classname="com.Test.Testing"/>
  <testcase name="UserNameEmpty" time="8.372" classname="com.Test.Testing"/>
  <testcase name="WrongPwd" time="5.557" classname="com.Test.Testing"/>
</testsuite> <!-- Default test -->
