<?xml version="1.0" encoding="UTF-8"?>
<testng-results skipped="0" failed="0" ignored="0" total="3" passed="3">
  <reporter-output>
  </reporter-output>
  <suite name="Default suite" duration-ms="34692" started-at="2020-09-03T09:29:27 EEST" finished-at="2020-09-03T09:30:01 EEST">
    <groups>
    </groups>
    <test name="Default test" duration-ms="34692" started-at="2020-09-03T09:29:27 EEST" finished-at="2020-09-03T09:30:01 EEST">
      <class name="com.Test.Testing">
        <test-method status="PASS" signature="setUp()[pri:0, instance:com.Test.Testing@3dfc5fb8]" name="setUp" is-config="true" duration-ms="9832" started-at="2020-09-03T09:29:27 EEST" finished-at="2020-09-03T09:29:36 EEST">
          <reporter-output>
          </reporter-output>
        </test-method> <!-- setUp -->
        <test-method status="PASS" signature="PwdEmpty()[pri:0, instance:com.Test.Testing@3dfc5fb8]" name="PwdEmpty" duration-ms="6787" started-at="2020-09-03T09:29:36 EEST" finished-at="2020-09-03T09:29:43 EEST">
          <reporter-output>
          </reporter-output>
        </test-method> <!-- PwdEmpty -->
        <test-method status="PASS" signature="UserNameEmpty()[pri:0, instance:com.Test.Testing@3dfc5fb8]" name="UserNameEmpty" duration-ms="10990" started-at="2020-09-03T09:29:43 EEST" finished-at="2020-09-03T09:29:54 EEST">
          <reporter-output>
          </reporter-output>
        </test-method> <!-- UserNameEmpty -->
        <test-method status="PASS" signature="WrongPwd()[pri:0, instance:com.Test.Testing@3dfc5fb8]" name="WrongPwd" duration-ms="6268" started-at="2020-09-03T09:29:54 EEST" finished-at="2020-09-03T09:30:00 EEST">
          <reporter-output>
          </reporter-output>
        </test-method> <!-- WrongPwd -->
        <test-method status="PASS" signature="quitBrowser()[pri:0, instance:com.Test.Testing@3dfc5fb8]" name="quitBrowser" is-config="true" duration-ms="756" started-at="2020-09-03T09:30:00 EEST" finished-at="2020-09-03T09:30:01 EEST">
          <reporter-output>
          </reporter-output>
        </test-method> <!-- quitBrowser -->
      </class> <!-- com.Test.Testing -->
    </test> <!-- Default test -->
  </suite> <!-- Default suite -->
</testng-results>
